\BOOKMARK [0][-]{chapter.1}{Introduction}{}% 1
\BOOKMARK [1][-]{section.1.1}{History}{chapter.1}% 2
\BOOKMARK [1][-]{section.1.2}{Background}{chapter.1}% 3
\BOOKMARK [0][-]{chapter.2}{Project Goal}{}% 4
\BOOKMARK [0][-]{chapter.3}{Project Execution}{}% 5
\BOOKMARK [1][-]{section.3.1}{Design}{chapter.3}% 6
\BOOKMARK [1][-]{section.3.2}{Tools}{chapter.3}% 7
\BOOKMARK [1][-]{section.3.3}{Management}{chapter.3}% 8
\BOOKMARK [0][-]{chapter.4}{Specification and implementation}{}% 9
\BOOKMARK [1][-]{section.4.1}{CPU}{chapter.4}% 10
\BOOKMARK [2][-]{subsection.4.1.1}{Specification}{section.4.1}% 11
\BOOKMARK [2][-]{subsection.4.1.2}{Implementation}{section.4.1}% 12
\BOOKMARK [2][-]{subsection.4.1.3}{Testing}{section.4.1}% 13
\BOOKMARK [1][-]{section.4.2}{RAM}{chapter.4}% 14
\BOOKMARK [2][-]{subsection.4.2.1}{Specification}{section.4.2}% 15
\BOOKMARK [2][-]{subsection.4.2.2}{Implementation}{section.4.2}% 16
\BOOKMARK [2][-]{subsection.4.2.3}{Testing}{section.4.2}% 17
\BOOKMARK [1][-]{section.4.3}{Cartridge \(ROM\)}{chapter.4}% 18
\BOOKMARK [2][-]{subsection.4.3.1}{Specification}{section.4.3}% 19
\BOOKMARK [2][-]{subsection.4.3.2}{Implementation}{section.4.3}% 20
\BOOKMARK [2][-]{subsection.4.3.3}{Testing}{section.4.3}% 21
\BOOKMARK [1][-]{section.4.4}{PPU}{chapter.4}% 22
\BOOKMARK [2][-]{subsection.4.4.1}{Specification}{section.4.4}% 23
\BOOKMARK [2][-]{subsection.4.4.2}{Implementation}{section.4.4}% 24
\BOOKMARK [2][-]{subsection.4.4.3}{Testing}{section.4.4}% 25
\BOOKMARK [0][-]{chapter.5}{Evaluation}{}% 26
\BOOKMARK [1][-]{section.5.1}{Emulation Precision}{chapter.5}% 27
\BOOKMARK [1][-]{section.5.2}{Performance}{chapter.5}% 28
\BOOKMARK [0][-]{chapter.6}{Conclusions}{}% 29
